<?xml version="1.0" encoding="UTF-8"?>
<!-- Generated by org.testng.reporters.JUnitXMLReporter -->
<testsuite ignored="0" hostname="Mandagiris-MacBook-Pro.local" failures="0" tests="6" name="Default test" time="2.535" errors="0" timestamp="2024-09-09T16:07:34 IST">
  <testcase classname="files.DynamicJava" name="addbook" time="0.687"/>
  <testcase classname="files.DynamicJava" name="addbook" time="0.167"/>
  <testcase classname="files.DynamicJava" name="addbook" time="0.181"/>
  <testcase classname="files.DynamicJava" name="addbook" time="0.175"/>
  <testcase classname="files.DynamicJava" name="addbook" time="0.174"/>
  <testcase classname="files.DynamicJava" name="addbook" time="1.128"/>
</testsuite> <!-- Default test -->
