<?xml version="1.0" encoding="UTF-8"?>
<testng-results ignored="0" total="6" passed="6" failed="0" skipped="0">
  <reporter-output>
  </reporter-output>
  <suite started-at="2024-09-09T16:07:31 IST" name="Default suite" finished-at="2024-09-09T16:07:34 IST" duration-ms="2535">
    <groups>
    </groups>
    <test started-at="2024-09-09T16:07:31 IST" name="Default test" finished-at="2024-09-09T16:07:34 IST" duration-ms="2535">
      <class name="files.DynamicJava">
        <test-method signature="addbook(java.lang.String,java.lang.String)[pri:0, instance:files.DynamicJava@5b239d7d]" started-at="2024-09-09T16:07:31 IST" name="addbook" data-provider="Books data" finished-at="2024-09-09T16:07:32 IST" duration-ms="687" status="PASS">
          <params>
            <param index="0">
              <value>
                <![CDATA[mgs213]]>
              </value>
            </param>
            <param index="1">
              <value>
                <![CDATA[2213]]>
              </value>
            </param>
          </params>
          <reporter-output>
          </reporter-output>
        </test-method> <!-- addbook -->
        <test-method signature="addbook(java.lang.String,java.lang.String)[pri:0, instance:files.DynamicJava@5b239d7d]" started-at="2024-09-09T16:07:32 IST" name="addbook" data-provider="Books data" finished-at="2024-09-09T16:07:32 IST" duration-ms="167" status="PASS">
          <params>
            <param index="0">
              <value>
                <![CDATA[mgs214]]>
              </value>
            </param>
            <param index="1">
              <value>
                <![CDATA[2214]]>
              </value>
            </param>
          </params>
          <reporter-output>
          </reporter-output>
        </test-method> <!-- addbook -->
        <test-method signature="addbook(java.lang.String,java.lang.String)[pri:0, instance:files.DynamicJava@5b239d7d]" started-at="2024-09-09T16:07:32 IST" name="addbook" data-provider="Books data" finished-at="2024-09-09T16:07:32 IST" duration-ms="181" status="PASS">
          <params>
            <param index="0">
              <value>
                <![CDATA[sdhjg]]>
              </value>
            </param>
            <param index="1">
              <value>
                <![CDATA[6737]]>
              </value>
            </param>
          </params>
          <reporter-output>
          </reporter-output>
        </test-method> <!-- addbook -->
        <test-method signature="addbook(java.lang.String,java.lang.String)[pri:0, instance:files.DynamicJava@5b239d7d]" started-at="2024-09-09T16:07:32 IST" name="addbook" data-provider="Books data" finished-at="2024-09-09T16:07:32 IST" duration-ms="175" status="PASS">
          <params>
            <param index="0">
              <value>
                <![CDATA[ojfwty]]>
              </value>
            </param>
            <param index="1">
              <value>
                <![CDATA[9363]]>
              </value>
            </param>
          </params>
          <reporter-output>
          </reporter-output>
        </test-method> <!-- addbook -->
        <test-method signature="addbook(java.lang.String,java.lang.String)[pri:0, instance:files.DynamicJava@5b239d7d]" started-at="2024-09-09T16:07:32 IST" name="addbook" data-provider="Books data" finished-at="2024-09-09T16:07:32 IST" duration-ms="174" status="PASS">
          <params>
            <param index="0">
              <value>
                <![CDATA[cwetee]]>
              </value>
            </param>
            <param index="1">
              <value>
                <![CDATA[4253]]>
              </value>
            </param>
          </params>
          <reporter-output>
          </reporter-output>
        </test-method> <!-- addbook -->
        <test-method signature="addbook(java.lang.String,java.lang.String)[pri:0, instance:files.DynamicJava@5b239d7d]" started-at="2024-09-09T16:07:32 IST" name="addbook" data-provider="Books data" finished-at="2024-09-09T16:07:34 IST" duration-ms="1128" status="PASS">
          <params>
            <param index="0">
              <value>
                <![CDATA[okmfet]]>
              </value>
            </param>
            <param index="1">
              <value>
                <![CDATA[533]]>
              </value>
            </param>
          </params>
          <reporter-output>
          </reporter-output>
        </test-method> <!-- addbook -->
      </class> <!-- files.DynamicJava -->
    </test> <!-- Default test -->
  </suite> <!-- Default suite -->
</testng-results>
